<?xml version="1.0" encoding="UTF-8"?>
<!-- Generated by org.testng.reporters.JUnitReportReporter -->
<testsuite hostname="DESKTOP-UDLAN01" failures="0" tests="1" name="akSelenium.tests.ErrorValidations" time="6.581" errors="0" timestamp="2024-01-10T12:15:54 GMT" skipped="0">
  <testcase classname="akSelenium.tests.ErrorValidations" name="SubmitOrder" time="6.581"/>
  <system-out/>
</testsuite> <!-- akSelenium.tests.ErrorValidations -->
